#1 [internal] load local bake definitions
#1 reading from stdin 1.74kB done
#1 DONE 0.0s

#2 [test internal] load build definition from Dockerfile
#2 transferring dockerfile: 252B done
#2 DONE 0.0s

#3 [frontend internal] load build definition from Dockerfile
#3 transferring dockerfile: 333B done
#3 WARN: FromAsCasing: 'as' and 'FROM' keywords' casing do not match (line 1)
#3 DONE 0.0s

#4 [frontend internal] load metadata for docker.io/library/nginx:alpine
#4 DONE 0.0s

#5 [test internal] load metadata for docker.io/library/python:3.11-slim
#5 ...

#6 [auth] library/node:pull token for registry-1.docker.io
#6 DONE 0.0s

#7 [auth] library/python:pull token for registry-1.docker.io
#7 DONE 0.0s

#8 [frontend internal] load metadata for docker.io/library/node:18-alpine
#8 DONE 2.1s

#5 [test internal] load metadata for docker.io/library/python:3.11-slim
#5 DONE 2.1s

#9 [frontend internal] load .dockerignore
#9 transferring context: 73B done
#9 DONE 0.0s

#10 [test internal] load .dockerignore
#10 transferring context: 120B done
#10 DONE 0.0s

#11 [frontend internal] load build context
#11 transferring context: 667B done
#11 DONE 0.0s

#12 [test internal] load build context
#12 transferring context: 39.45kB done
#12 DONE 0.0s

#13 [frontend stage-1 1/3] FROM docker.io/library/nginx:alpine@sha256:b3c656d55d7ad751196f21b7fd2e8d4da9cb430e32f646adcf92441b72f82b14
#13 resolve docker.io/library/nginx:alpine@sha256:b3c656d55d7ad751196f21b7fd2e8d4da9cb430e32f646adcf92441b72f82b14 0.0s done
#13 DONE 0.0s

#14 [frontend builder 1/6] FROM docker.io/library/node:18-alpine@sha256:8d6421d663b4c28fd3ebc498332f249011d118945588d0a35cb9bc4b8ca09d9e
#14 resolve docker.io/library/node:18-alpine@sha256:8d6421d663b4c28fd3ebc498332f249011d118945588d0a35cb9bc4b8ca09d9e 0.0s done
#14 DONE 0.0s

#15 [test 1/5] FROM docker.io/library/python:3.11-slim@sha256:193fdd0bbcb3d2ae612bd6cc3548d2f7c78d65b549fcaa8af75624c47474444d
#15 resolve docker.io/library/python:3.11-slim@sha256:193fdd0bbcb3d2ae612bd6cc3548d2f7c78d65b549fcaa8af75624c47474444d 0.0s done
#15 DONE 0.0s

#16 [test 2/5] WORKDIR /app
#16 CACHED

#17 [frontend stage-1 2/3] COPY --from=builder /app/dist /usr/share/nginx/html
#17 CACHED

#18 [frontend builder 5/6] COPY . .
#18 CACHED

#19 [frontend builder 4/6] RUN npm install  # Changed from npm ci
#19 CACHED

#20 [frontend builder 2/6] WORKDIR /app
#20 CACHED

#21 [frontend builder 6/6] RUN npm run build
#21 CACHED

#22 [frontend builder 3/6] COPY package*.json ./
#22 CACHED

#23 [frontend stage-1 3/3] COPY nginx.conf /etc/nginx/conf.d/default.conf
#23 CACHED

#24 [test 3/5] COPY requirements.txt .
#24 DONE 0.0s

#25 [frontend] exporting to image
#25 exporting layers done
#25 exporting manifest sha256:efeb5b4cc41440c2837d07be278caacb2b1489f6ff02e91950ff35edbaee8586 done
#25 exporting config sha256:d6214b99b88abd27112718e68a8bcca6bebed084abed2dc67939f204443dfd7b done
#25 exporting attestation manifest sha256:9ae9b540e326297ef4332999bf2a42d4c09234facb97a262bd03990ab41c9e98 done
#25 exporting manifest list sha256:f0df42ac1cb11c0a10266ae08f984f0272e7a5b5411fd9d4a6cb39b94b281620 done
#25 naming to docker.io/library/university-dept-system-frontend:latest done
#25 unpacking to docker.io/library/university-dept-system-frontend:latest done
#25 DONE 0.1s

#26 [frontend] resolving provenance for metadata file
#26 DONE 0.0s

#27 [test 4/5] RUN pip install --no-cache-dir -r requirements.txt
#27 0.965 Collecting fastapi==0.109.0 (from -r requirements.txt (line 1))
#27 1.006   Downloading fastapi-0.109.0-py3-none-any.whl.metadata (24 kB)
#27 1.038 Collecting uvicorn==0.27.0 (from uvicorn[standard]==0.27.0->-r requirements.txt (line 2))
#27 1.048   Downloading uvicorn-0.27.0-py3-none-any.whl.metadata (6.4 kB)
#27 1.202 Collecting sqlalchemy==2.0.25 (from -r requirements.txt (line 3))
#27 1.213   Downloading SQLAlchemy-2.0.25-cp311-cp311-manylinux_2_17_aarch64.manylinux2014_aarch64.whl.metadata (9.6 kB)
#27 1.262 Collecting psycopg2-binary==2.9.9 (from -r requirements.txt (line 4))
#27 1.272   Downloading psycopg2_binary-2.9.9-cp311-cp311-manylinux_2_17_aarch64.manylinux2014_aarch64.whl.metadata (4.4 kB)
#27 1.333 Collecting pydantic==2.5.3 (from -r requirements.txt (line 5))
#27 1.341   Downloading pydantic-2.5.3-py3-none-any.whl.metadata (65 kB)
#27 1.352      ━━━━━━━━━━━━━━━━━━━━━━━━━━━━━━━━━━━━━━━━ 65.6/65.6 kB 6.3 MB/s eta 0:00:00
#27 1.369 Collecting python-dotenv==1.0.0 (from -r requirements.txt (line 6))
#27 1.377   Downloading python_dotenv-1.0.0-py3-none-any.whl.metadata (21 kB)
#27 1.391 Collecting python-multipart==0.0.6 (from -r requirements.txt (line 7))
#27 1.400   Downloading python_multipart-0.0.6-py3-none-any.whl.metadata (2.5 kB)
#27 1.431 Collecting pytest==7.4.3 (from -r requirements.txt (line 10))
#27 1.440   Downloading pytest-7.4.3-py3-none-any.whl.metadata (7.9 kB)
#27 1.694 Collecting pytest-asyncio==0.21.1 (from -r requirements.txt (line 11))
#27 1.702   Downloading pytest_asyncio-0.21.1-py3-none-any.whl.metadata (4.0 kB)
#27 1.927 Collecting pytest-cov==4.1.0 (from -r requirements.txt (line 12))
#27 1.938   Downloading pytest_cov-4.1.0-py3-none-any.whl.metadata (26 kB)
#27 1.965 Collecting httpx==0.25.2 (from -r requirements.txt (line 13))
#27 1.975   Downloading httpx-0.25.2-py3-none-any.whl.metadata (6.9 kB)
#27 2.024 Collecting starlette<0.36.0,>=0.35.0 (from fastapi==0.109.0->-r requirements.txt (line 1))
#27 2.034   Downloading starlette-0.35.1-py3-none-any.whl.metadata (5.8 kB)
#27 2.051 Collecting typing-extensions>=4.8.0 (from fastapi==0.109.0->-r requirements.txt (line 1))
#27 2.060   Downloading typing_extensions-4.15.0-py3-none-any.whl.metadata (3.3 kB)
#27 2.082 Collecting click>=7.0 (from uvicorn==0.27.0->uvicorn[standard]==0.27.0->-r requirements.txt (line 2))
#27 2.089   Downloading click-8.3.1-py3-none-any.whl.metadata (2.6 kB)
#27 2.100 Collecting h11>=0.8 (from uvicorn==0.27.0->uvicorn[standard]==0.27.0->-r requirements.txt (line 2))
#27 2.109   Downloading h11-0.16.0-py3-none-any.whl.metadata (8.3 kB)
#27 2.216 Collecting greenlet!=0.4.17 (from sqlalchemy==2.0.25->-r requirements.txt (line 3))
#27 2.226   Downloading greenlet-3.2.4-cp311-cp311-manylinux2014_aarch64.manylinux_2_17_aarch64.whl.metadata (4.1 kB)
#27 2.240 Collecting annotated-types>=0.4.0 (from pydantic==2.5.3->-r requirements.txt (line 5))
#27 2.250   Downloading annotated_types-0.7.0-py3-none-any.whl.metadata (15 kB)
#27 2.592 Collecting pydantic-core==2.14.6 (from pydantic==2.5.3->-r requirements.txt (line 5))
#27 2.605   Downloading pydantic_core-2.14.6-cp311-cp311-manylinux_2_17_aarch64.manylinux2014_aarch64.whl.metadata (6.5 kB)
#27 2.627 Collecting iniconfig (from pytest==7.4.3->-r requirements.txt (line 10))
#27 2.634   Downloading iniconfig-2.3.0-py3-none-any.whl.metadata (2.5 kB)
#27 2.681 Collecting packaging (from pytest==7.4.3->-r requirements.txt (line 10))
#27 2.688   Downloading packaging-25.0-py3-none-any.whl.metadata (3.3 kB)
#27 2.903 Collecting pluggy<2.0,>=0.12 (from pytest==7.4.3->-r requirements.txt (line 10))
#27 2.912   Downloading pluggy-1.6.0-py3-none-any.whl.metadata (4.8 kB)
#27 3.280 Collecting coverage>=5.2.1 (from coverage[toml]>=5.2.1->pytest-cov==4.1.0->-r requirements.txt (line 12))
#27 3.289   Downloading coverage-7.12.0-cp311-cp311-manylinux2014_aarch64.manylinux_2_17_aarch64.manylinux_2_28_aarch64.whl.metadata (9.1 kB)
#27 3.310 Collecting anyio (from httpx==0.25.2->-r requirements.txt (line 13))
#27 3.318   Downloading anyio-4.11.0-py3-none-any.whl.metadata (4.1 kB)
#27 3.333 Collecting certifi (from httpx==0.25.2->-r requirements.txt (line 13))
#27 3.340   Downloading certifi-2025.11.12-py3-none-any.whl.metadata (2.5 kB)
#27 3.356 Collecting httpcore==1.* (from httpx==0.25.2->-r requirements.txt (line 13))
#27 3.364   Downloading httpcore-1.0.9-py3-none-any.whl.metadata (21 kB)
#27 3.380 Collecting idna (from httpx==0.25.2->-r requirements.txt (line 13))
#27 3.389   Downloading idna-3.11-py3-none-any.whl.metadata (8.4 kB)
#27 3.441 Collecting sniffio (from httpx==0.25.2->-r requirements.txt (line 13))
#27 3.450   Downloading sniffio-1.3.1-py3-none-any.whl.metadata (3.9 kB)
#27 3.476 Collecting httptools>=0.5.0 (from uvicorn[standard]==0.27.0->-r requirements.txt (line 2))
#27 3.484   Downloading httptools-0.7.1-cp311-cp311-manylinux2014_aarch64.manylinux_2_17_aarch64.manylinux_2_28_aarch64.whl.metadata (3.5 kB)
#27 3.510 Collecting pyyaml>=5.1 (from uvicorn[standard]==0.27.0->-r requirements.txt (line 2))
#27 3.519   Downloading pyyaml-6.0.3-cp311-cp311-manylinux2014_aarch64.manylinux_2_17_aarch64.manylinux_2_28_aarch64.whl.metadata (2.4 kB)
#27 3.546 Collecting uvloop!=0.15.0,!=0.15.1,>=0.14.0 (from uvicorn[standard]==0.27.0->-r requirements.txt (line 2))
#27 3.553   Downloading uvloop-0.22.1-cp311-cp311-manylinux2014_aarch64.manylinux_2_17_aarch64.manylinux_2_28_aarch64.whl.metadata (4.9 kB)
#27 3.594 Collecting watchfiles>=0.13 (from uvicorn[standard]==0.27.0->-r requirements.txt (line 2))
#27 3.604   Downloading watchfiles-1.1.1-cp311-cp311-manylinux_2_17_aarch64.manylinux2014_aarch64.whl.metadata (4.9 kB)
#27 3.653 Collecting websockets>=10.4 (from uvicorn[standard]==0.27.0->-r requirements.txt (line 2))
#27 3.661   Downloading websockets-15.0.1-cp311-cp311-manylinux_2_17_aarch64.manylinux2014_aarch64.whl.metadata (6.8 kB)
#27 3.714 Downloading fastapi-0.109.0-py3-none-any.whl (92 kB)
#27 3.718    ━━━━━━━━━━━━━━━━━━━━━━━━━━━━━━━━━━━━━━━━ 92.0/92.0 kB 40.5 MB/s eta 0:00:00
#27 3.727 Downloading uvicorn-0.27.0-py3-none-any.whl (60 kB)
#27 3.728    ━━━━━━━━━━━━━━━━━━━━━━━━━━━━━━━━━━━━━━━━ 60.6/60.6 kB 474.4 MB/s eta 0:00:00
#27 3.735 Downloading SQLAlchemy-2.0.25-cp311-cp311-manylinux_2_17_aarch64.manylinux2014_aarch64.whl (3.2 MB)
#27 3.886    ━━━━━━━━━━━━━━━━━━━━━━━━━━━━━━━━━━━━━━━━ 3.2/3.2 MB 21.7 MB/s eta 0:00:00
#27 3.894 Downloading psycopg2_binary-2.9.9-cp311-cp311-manylinux_2_17_aarch64.manylinux2014_aarch64.whl (2.9 MB)
#27 4.109    ━━━━━━━━━━━━━━━━━━━━━━━━━━━━━━━━━━━━━━━━ 2.9/2.9 MB 13.5 MB/s eta 0:00:00
#27 4.119 Downloading pydantic-2.5.3-py3-none-any.whl (381 kB)
#27 4.143    ━━━━━━━━━━━━━━━━━━━━━━━━━━━━━━━━━━━━━━━━ 381.9/381.9 kB 18.0 MB/s eta 0:00:00
#27 4.155 Downloading python_dotenv-1.0.0-py3-none-any.whl (19 kB)
#27 4.166 Downloading python_multipart-0.0.6-py3-none-any.whl (45 kB)
#27 4.169    ━━━━━━━━━━━━━━━━━━━━━━━━━━━━━━━━━━━━━━━━ 45.7/45.7 kB 218.5 MB/s eta 0:00:00
#27 4.177 Downloading pytest-7.4.3-py3-none-any.whl (325 kB)
#27 4.197    ━━━━━━━━━━━━━━━━━━━━━━━━━━━━━━━━━━━━━━━━ 325.1/325.1 kB 19.3 MB/s eta 0:00:00
#27 4.207 Downloading pytest_asyncio-0.21.1-py3-none-any.whl (13 kB)
#27 4.218 Downloading pytest_cov-4.1.0-py3-none-any.whl (21 kB)
#27 4.231 Downloading httpx-0.25.2-py3-none-any.whl (74 kB)
#27 4.234    ━━━━━━━━━━━━━━━━━━━━━━━━━━━━━━━━━━━━━━━━ 75.0/75.0 kB 264.4 MB/s eta 0:00:00
#27 4.243 Downloading httpcore-1.0.9-py3-none-any.whl (78 kB)
#27 4.247    ━━━━━━━━━━━━━━━━━━━━━━━━━━━━━━━━━━━━━━━━ 78.8/78.8 kB 42.7 MB/s eta 0:00:00
#27 4.255 Downloading pydantic_core-2.14.6-cp311-cp311-manylinux_2_17_aarch64.manylinux2014_aarch64.whl (1.8 MB)
#27 4.369    ━━━━━━━━━━━━━━━━━━━━━━━━━━━━━━━━━━━━━━━━ 1.8/1.8 MB 16.8 MB/s eta 0:00:00
#27 4.383 Downloading annotated_types-0.7.0-py3-none-any.whl (13 kB)
#27 4.391 Downloading click-8.3.1-py3-none-any.whl (108 kB)
#27 4.398    ━━━━━━━━━━━━━━━━━━━━━━━━━━━━━━━━━━━━━━━━ 108.3/108.3 kB 25.3 MB/s eta 0:00:00
#27 4.406 Downloading coverage-7.12.0-cp311-cp311-manylinux2014_aarch64.manylinux_2_17_aarch64.manylinux_2_28_aarch64.whl (252 kB)
#27 4.420    ━━━━━━━━━━━━━━━━━━━━━━━━━━━━━━━━━━━━━━━━ 252.5/252.5 kB 21.8 MB/s eta 0:00:00
#27 4.428 Downloading greenlet-3.2.4-cp311-cp311-manylinux2014_aarch64.manylinux_2_17_aarch64.whl (632 kB)
#27 4.465    ━━━━━━━━━━━━━━━━━━━━━━━━━━━━━━━━━━━━━━━━ 632.5/632.5 kB 19.0 MB/s eta 0:00:00
#27 4.477 Downloading h11-0.16.0-py3-none-any.whl (37 kB)
#27 4.486 Downloading httptools-0.7.1-cp311-cp311-manylinux2014_aarch64.manylinux_2_17_aarch64.manylinux_2_28_aarch64.whl (454 kB)
#27 4.510    ━━━━━━━━━━━━━━━━━━━━━━━━━━━━━━━━━━━━━━━━ 455.0/455.0 kB 22.1 MB/s eta 0:00:00
#27 4.520 Downloading pluggy-1.6.0-py3-none-any.whl (20 kB)
#27 4.530 Downloading pyyaml-6.0.3-cp311-cp311-manylinux2014_aarch64.manylinux_2_17_aarch64.manylinux_2_28_aarch64.whl (775 kB)
#27 4.576    ━━━━━━━━━━━━━━━━━━━━━━━━━━━━━━━━━━━━━━━━ 775.6/775.6 kB 18.3 MB/s eta 0:00:00
#27 4.586 Downloading starlette-0.35.1-py3-none-any.whl (71 kB)
#27 4.590    ━━━━━━━━━━━━━━━━━━━━━━━━━━━━━━━━━━━━━━━━ 71.1/71.1 kB 42.2 MB/s eta 0:00:00
#27 4.600 Downloading anyio-4.11.0-py3-none-any.whl (109 kB)
#27 4.604    ━━━━━━━━━━━━━━━━━━━━━━━━━━━━━━━━━━━━━━━━ 109.1/109.1 kB 37.4 MB/s eta 0:00:00
#27 4.614 Downloading idna-3.11-py3-none-any.whl (71 kB)
#27 4.617    ━━━━━━━━━━━━━━━━━━━━━━━━━━━━━━━━━━━━━━━━ 71.0/71.0 kB 45.1 MB/s eta 0:00:00
#27 4.626 Downloading sniffio-1.3.1-py3-none-any.whl (10 kB)
#27 4.634 Downloading typing_extensions-4.15.0-py3-none-any.whl (44 kB)
#27 4.637    ━━━━━━━━━━━━━━━━━━━━━━━━━━━━━━━━━━━━━━━━ 44.6/44.6 kB 243.2 MB/s eta 0:00:00
#27 4.647 Downloading uvloop-0.22.1-cp311-cp311-manylinux2014_aarch64.manylinux_2_17_aarch64.manylinux_2_28_aarch64.whl (3.8 MB)
#27 4.858    ━━━━━━━━━━━━━━━━━━━━━━━━━━━━━━━━━━━━━━━━ 3.8/3.8 MB 17.9 MB/s eta 0:00:00
#27 4.867 Downloading watchfiles-1.1.1-cp311-cp311-manylinux_2_17_aarch64.manylinux2014_aarch64.whl (448 kB)
#27 4.900    ━━━━━━━━━━━━━━━━━━━━━━━━━━━━━━━━━━━━━━━━ 448.8/448.8 kB 14.1 MB/s eta 0:00:00
#27 4.909 Downloading websockets-15.0.1-cp311-cp311-manylinux_2_17_aarch64.manylinux2014_aarch64.whl (182 kB)
#27 4.922    ━━━━━━━━━━━━━━━━━━━━━━━━━━━━━━━━━━━━━━━━ 182.9/182.9 kB 16.3 MB/s eta 0:00:00
#27 4.930 Downloading certifi-2025.11.12-py3-none-any.whl (159 kB)
#27 4.938    ━━━━━━━━━━━━━━━━━━━━━━━━━━━━━━━━━━━━━━━━ 159.4/159.4 kB 26.8 MB/s eta 0:00:00
#27 4.947 Downloading iniconfig-2.3.0-py3-none-any.whl (7.5 kB)
#27 4.956 Downloading packaging-25.0-py3-none-any.whl (66 kB)
#27 4.958    ━━━━━━━━━━━━━━━━━━━━━━━━━━━━━━━━━━━━━━━━ 66.5/66.5 kB 104.3 MB/s eta 0:00:00
#27 5.057 Installing collected packages: websockets, uvloop, typing-extensions, sniffio, pyyaml, python-multipart, python-dotenv, psycopg2-binary, pluggy, packaging, iniconfig, idna, httptools, h11, greenlet, coverage, click, certifi, annotated-types, uvicorn, sqlalchemy, pytest, pydantic-core, httpcore, anyio, watchfiles, starlette, pytest-cov, pytest-asyncio, pydantic, httpx, fastapi
#27 6.194 Successfully installed annotated-types-0.7.0 anyio-4.11.0 certifi-2025.11.12 click-8.3.1 coverage-7.12.0 fastapi-0.109.0 greenlet-3.2.4 h11-0.16.0 httpcore-1.0.9 httptools-0.7.1 httpx-0.25.2 idna-3.11 iniconfig-2.3.0 packaging-25.0 pluggy-1.6.0 psycopg2-binary-2.9.9 pydantic-2.5.3 pydantic-core-2.14.6 pytest-7.4.3 pytest-asyncio-0.21.1 pytest-cov-4.1.0 python-dotenv-1.0.0 python-multipart-0.0.6 pyyaml-6.0.3 sniffio-1.3.1 sqlalchemy-2.0.25 starlette-0.35.1 typing-extensions-4.15.0 uvicorn-0.27.0 uvloop-0.22.1 watchfiles-1.1.1 websockets-15.0.1
#27 6.194 WARNING: Running pip as the 'root' user can result in broken permissions and conflicting behaviour with the system package manager. It is recommended to use a virtual environment instead: https://pip.pypa.io/warnings/venv
#27 6.259 
#27 6.259 [notice] A new release of pip is available: 24.0 -> 25.3
#27 6.259 [notice] To update, run: pip install --upgrade pip
#27 DONE 6.7s

#28 [test 5/5] COPY ./app ./app
#28 DONE 0.0s

#29 [test] exporting to image
#29 exporting layers
#29 exporting layers 1.6s done
#29 exporting manifest sha256:328cf08c47efe518ad8534a96ad4df573bcc9362329cf600a54666868c9f049a done
#29 exporting config sha256:460a3516f1545ca9ca2ddaea5ae05df2d71b9c825b030fdea5f8f2a18beeb897 done
#29 exporting attestation manifest sha256:1388c02a3a4291cc481e6088f6810cb050a2cd5b7060c94787dd92531299f84d done
#29 exporting manifest list sha256:f36aa28a1776135c7cbbbe7648f16abfeb59216f6f196e679fe7931fdce431fa done
#29 naming to docker.io/library/university-dept-system-test:latest done
#29 unpacking to docker.io/library/university-dept-system-test:latest
#29 unpacking to docker.io/library/university-dept-system-test:latest 0.3s done
#29 DONE 2.0s

#30 [backend] exporting to image
#30 exporting layers 1.6s done
#30 exporting manifest sha256:9c8e70c6032a5992f198bd6f698d1f2c07367ff43671d3b1d2a295ddd8f3f839 done
#30 exporting config sha256:f3af40543b08d727201bad1fa28fa9592bf6e315793c6e8f14953d9d85825747 done
#30 exporting attestation manifest sha256:e07e60e45710748b00c72202537a0819c2b731b577707e45db66e8a962f25257 0.0s done
#30 exporting manifest list sha256:407d8779dbec659b73c3bdcf3727479f91b7e7cbdd150381ee05cec055e33951 done
#30 naming to docker.io/library/university-dept-system-backend:latest done
#30 unpacking to docker.io/library/university-dept-system-backend:latest 0.3s done
#30 DONE 2.0s

#31 [test] resolving provenance for metadata file
#31 DONE 0.0s

#32 [backend] resolving provenance for metadata file
#32 DONE 0.0s
 university-dept-system-frontend  Built
 university-dept-system-test  Built
 university-dept-system-backend  Built
 Container university-dept-system-test-1  Recreate
 Container university-dept-system-backend-1  Recreate
 Container university-dept-system-test-1  Recreated
 Container university-dept-system-backend-1  Recreated
 Container university-dept-system-frontend-1  Recreate
 Container university-dept-system-frontend-1  Recreated
Attaching to backend-1, db-1, frontend-1, test-1, tunnel-1
db-1  | 
db-1  | PostgreSQL Database directory appears to contain a database; Skipping initialization
db-1  | 
db-1  | 2025-11-28 21:24:15.815 UTC [1] LOG:  starting PostgreSQL 15.15 on aarch64-unknown-linux-musl, compiled by gcc (Alpine 14.2.0) 14.2.0, 64-bit
db-1  | 2025-11-28 21:24:15.815 UTC [1] LOG:  listening on IPv4 address "0.0.0.0", port 5432
db-1  | 2025-11-28 21:24:15.815 UTC [1] LOG:  listening on IPv6 address "::", port 5432
db-1  | 2025-11-28 21:24:15.819 UTC [1] LOG:  listening on Unix socket "/var/run/postgresql/.s.PGSQL.5432"
db-1  | 2025-11-28 21:24:15.821 UTC [29] LOG:  database system was shut down at 2025-11-28 21:20:54 UTC
db-1  | 2025-11-28 21:24:15.824 UTC [1] LOG:  database system is ready to accept connections
backend-1  | Waiting for database...
frontend-1  | /docker-entrypoint.sh: /docker-entrypoint.d/ is not empty, will attempt to perform configuration
frontend-1  | /docker-entrypoint.sh: Looking for shell scripts in /docker-entrypoint.d/
frontend-1  | /docker-entrypoint.sh: Launching /docker-entrypoint.d/10-listen-on-ipv6-by-default.sh
frontend-1  | 10-listen-on-ipv6-by-default.sh: info: Getting the checksum of /etc/nginx/conf.d/default.conf
frontend-1  | 10-listen-on-ipv6-by-default.sh: info: /etc/nginx/conf.d/default.conf differs from the packaged version
frontend-1  | /docker-entrypoint.sh: Sourcing /docker-entrypoint.d/15-local-resolvers.envsh
frontend-1  | /docker-entrypoint.sh: Launching /docker-entrypoint.d/20-envsubst-on-templates.sh
frontend-1  | /docker-entrypoint.sh: Launching /docker-entrypoint.d/30-tune-worker-processes.sh
frontend-1  | /docker-entrypoint.sh: Configuration complete; ready for start up
frontend-1  | 2025/11/28 21:24:21 [notice] 1#1: using the "epoll" event method
frontend-1  | 2025/11/28 21:24:21 [notice] 1#1: nginx/1.29.3
frontend-1  | 2025/11/28 21:24:21 [notice] 1#1: built by gcc 14.2.0 (Alpine 14.2.0) 
frontend-1  | 2025/11/28 21:24:21 [notice] 1#1: OS: Linux 6.12.54-linuxkit
frontend-1  | 2025/11/28 21:24:21 [notice] 1#1: getrlimit(RLIMIT_NOFILE): 1048576:1048576
frontend-1  | 2025/11/28 21:24:21 [notice] 1#1: start worker processes
frontend-1  | 2025/11/28 21:24:21 [notice] 1#1: start worker process 29
frontend-1  | 2025/11/28 21:24:21 [notice] 1#1: start worker process 30
frontend-1  | 2025/11/28 21:24:21 [notice] 1#1: start worker process 31
frontend-1  | 2025/11/28 21:24:21 [notice] 1#1: start worker process 32
frontend-1  | 2025/11/28 21:24:21 [notice] 1#1: start worker process 33
frontend-1  | 2025/11/28 21:24:21 [notice] 1#1: start worker process 34
frontend-1  | 2025/11/28 21:24:21 [notice] 1#1: start worker process 35
frontend-1  | 2025/11/28 21:24:21 [notice] 1#1: start worker process 36
frontend-1  | 2025/11/28 21:24:21 [notice] 1#1: start worker process 37
frontend-1  | 2025/11/28 21:24:21 [notice] 1#1: start worker process 38
frontend-1  | 2025/11/28 21:24:21 [notice] 1#1: start worker process 39
frontend-1  | 2025/11/28 21:24:21 [notice] 1#1: start worker process 40
frontend-1  | 2025/11/28 21:24:21 [notice] 1#1: start worker process 41
frontend-1  | 2025/11/28 21:24:21 [notice] 1#1: start worker process 42
test-1      | Requirement already satisfied: fastapi==0.109.0 in /usr/local/lib/python3.11/site-packages (from -r requirements.txt (line 1)) (0.109.0)
test-1      | Requirement already satisfied: uvicorn==0.27.0 in /usr/local/lib/python3.11/site-packages (from uvicorn[standard]==0.27.0->-r requirements.txt (line 2)) (0.27.0)
test-1      | Requirement already satisfied: sqlalchemy==2.0.25 in /usr/local/lib/python3.11/site-packages (from -r requirements.txt (line 3)) (2.0.25)
test-1      | Requirement already satisfied: psycopg2-binary==2.9.9 in /usr/local/lib/python3.11/site-packages (from -r requirements.txt (line 4)) (2.9.9)
test-1      | Requirement already satisfied: pydantic==2.5.3 in /usr/local/lib/python3.11/site-packages (from -r requirements.txt (line 5)) (2.5.3)
test-1      | Requirement already satisfied: python-dotenv==1.0.0 in /usr/local/lib/python3.11/site-packages (from -r requirements.txt (line 6)) (1.0.0)
test-1      | Requirement already satisfied: python-multipart==0.0.6 in /usr/local/lib/python3.11/site-packages (from -r requirements.txt (line 7)) (0.0.6)
test-1      | Requirement already satisfied: pytest==7.4.3 in /usr/local/lib/python3.11/site-packages (from -r requirements.txt (line 10)) (7.4.3)
test-1      | Requirement already satisfied: pytest-asyncio==0.21.1 in /usr/local/lib/python3.11/site-packages (from -r requirements.txt (line 11)) (0.21.1)
test-1      | Requirement already satisfied: pytest-cov==4.1.0 in /usr/local/lib/python3.11/site-packages (from -r requirements.txt (line 12)) (4.1.0)
test-1      | Requirement already satisfied: httpx==0.25.2 in /usr/local/lib/python3.11/site-packages (from -r requirements.txt (line 13)) (0.25.2)
test-1      | Requirement already satisfied: starlette<0.36.0,>=0.35.0 in /usr/local/lib/python3.11/site-packages (from fastapi==0.109.0->-r requirements.txt (line 1)) (0.35.1)
tunnel-1    | 2025-11-28T21:24:21Z INF Thank you for trying Cloudflare Tunnel. Doing so, without a Cloudflare account, is a quick way to experiment and try it out. However, be aware that these account-less Tunnels have no uptime guarantee, are subject to the Cloudflare Online Services Terms of Use (https://www.cloudflare.com/website-terms/), and Cloudflare reserves the right to investigate your use of Tunnels for violations of such terms. If you intend to use Tunnels in production you should use a pre-created named tunnel by following: https://developers.cloudflare.com/cloudflare-one/connections/connect-apps
tunnel-1    | 2025-11-28T21:24:21Z INF Requesting new quick Tunnel on trycloudflare.com...
test-1      | Requirement already satisfied: typing-extensions>=4.8.0 in /usr/local/lib/python3.11/site-packages (from fastapi==0.109.0->-r requirements.txt (line 1)) (4.15.0)
test-1      | Requirement already satisfied: click>=7.0 in /usr/local/lib/python3.11/site-packages (from uvicorn==0.27.0->uvicorn[standard]==0.27.0->-r requirements.txt (line 2)) (8.3.1)
test-1      | Requirement already satisfied: h11>=0.8 in /usr/local/lib/python3.11/site-packages (from uvicorn==0.27.0->uvicorn[standard]==0.27.0->-r requirements.txt (line 2)) (0.16.0)
test-1      | Requirement already satisfied: greenlet!=0.4.17 in /usr/local/lib/python3.11/site-packages (from sqlalchemy==2.0.25->-r requirements.txt (line 3)) (3.2.4)
test-1      | Requirement already satisfied: annotated-types>=0.4.0 in /usr/local/lib/python3.11/site-packages (from pydantic==2.5.3->-r requirements.txt (line 5)) (0.7.0)
test-1      | Requirement already satisfied: pydantic-core==2.14.6 in /usr/local/lib/python3.11/site-packages (from pydantic==2.5.3->-r requirements.txt (line 5)) (2.14.6)
test-1      | Requirement already satisfied: iniconfig in /usr/local/lib/python3.11/site-packages (from pytest==7.4.3->-r requirements.txt (line 10)) (2.3.0)
test-1      | Requirement already satisfied: packaging in /usr/local/lib/python3.11/site-packages (from pytest==7.4.3->-r requirements.txt (line 10)) (25.0)
test-1      | Requirement already satisfied: pluggy<2.0,>=0.12 in /usr/local/lib/python3.11/site-packages (from pytest==7.4.3->-r requirements.txt (line 10)) (1.6.0)
test-1      | Requirement already satisfied: coverage>=5.2.1 in /usr/local/lib/python3.11/site-packages (from coverage[toml]>=5.2.1->pytest-cov==4.1.0->-r requirements.txt (line 12)) (7.12.0)
test-1      | Requirement already satisfied: anyio in /usr/local/lib/python3.11/site-packages (from httpx==0.25.2->-r requirements.txt (line 13)) (4.11.0)
test-1      | Requirement already satisfied: certifi in /usr/local/lib/python3.11/site-packages (from httpx==0.25.2->-r requirements.txt (line 13)) (2025.11.12)
test-1      | Requirement already satisfied: httpcore==1.* in /usr/local/lib/python3.11/site-packages (from httpx==0.25.2->-r requirements.txt (line 13)) (1.0.9)
test-1      | Requirement already satisfied: idna in /usr/local/lib/python3.11/site-packages (from httpx==0.25.2->-r requirements.txt (line 13)) (3.11)
test-1      | Requirement already satisfied: sniffio in /usr/local/lib/python3.11/site-packages (from httpx==0.25.2->-r requirements.txt (line 13)) (1.3.1)
test-1      | Requirement already satisfied: httptools>=0.5.0 in /usr/local/lib/python3.11/site-packages (from uvicorn[standard]==0.27.0->-r requirements.txt (line 2)) (0.7.1)
test-1      | Requirement already satisfied: pyyaml>=5.1 in /usr/local/lib/python3.11/site-packages (from uvicorn[standard]==0.27.0->-r requirements.txt (line 2)) (6.0.3)
test-1      | Requirement already satisfied: uvloop!=0.15.0,!=0.15.1,>=0.14.0 in /usr/local/lib/python3.11/site-packages (from uvicorn[standard]==0.27.0->-r requirements.txt (line 2)) (0.22.1)
test-1      | Requirement already satisfied: watchfiles>=0.13 in /usr/local/lib/python3.11/site-packages (from uvicorn[standard]==0.27.0->-r requirements.txt (line 2)) (1.1.1)
test-1      | Requirement already satisfied: websockets>=10.4 in /usr/local/lib/python3.11/site-packages (from uvicorn[standard]==0.27.0->-r requirements.txt (line 2)) (15.0.1)
test-1      | WARNING: Running pip as the 'root' user can result in broken permissions and conflicting behaviour with the system package manager. It is recommended to use a virtual environment instead: https://pip.pypa.io/warnings/venv
test-1      | 
test-1      | [notice] A new release of pip is available: 24.0 -> 25.3
test-1      | [notice] To update, run: pip install --upgrade pip
test-1      | ============================= test session starts ==============================
test-1      | platform linux -- Python 3.11.14, pytest-7.4.3, pluggy-1.6.0 -- /usr/local/bin/python
test-1      | cachedir: .pytest_cache
test-1      | rootdir: /app
test-1      | configfile: pytest.ini
test-1      | plugins: asyncio-0.21.1, cov-4.1.0, anyio-4.11.0
test-1      | asyncio: mode=Mode.AUTO
test-1      | collecting ... collected 29 items
test-1      | 
test-1      | tests/test_courses.py::test_create_course_success PASSED                 [  3%]
test-1      | tests/test_courses.py::test_create_course_with_prerequisites PASSED      [  6%]
test-1      | tests/test_courses.py::test_get_all_courses PASSED                       [ 10%]
test-1      | tests/test_courses.py::test_get_course_by_id PASSED                      [ 13%]
test-1      | tests/test_courses.py::test_prerequisite_validation_success PASSED       [ 17%]
test-1      | tests/test_courses.py::test_prerequisite_validation_failure PASSED       [ 20%]
test-1      | tests/test_courses.py::test_create_semester PASSED                       [ 24%]
test-1      | tests/test_courses.py::test_get_all_semesters PASSED                     [ 27%]
test-1      | tests/test_grades.py::test_enter_grade_success PASSED                    [ 31%]
test-1      | tests/test_grades.py::test_enter_grade_updates_cgpa PASSED               [ 34%]
test-1      | tests/test_grades.py::test_update_existing_grade PASSED                  [ 37%]
test-1      | tests/test_grades.py::test_invalid_grade_value PASSED                    [ 41%]
test-1      | tests/test_grades.py::test_get_grades_by_student PASSED                  [ 44%]
test-1      | tests/test_grades.py::test_get_grades_by_course PASSED                   [ 48%]
test-1      | tests/test_grades.py::test_filter_grades_by_semester PASSED              [ 51%]
test-1      | tests/test_grades.py::test_generate_gradesheet PASSED                    [ 55%]
test-1      | tests/test_grades.py::test_get_gradesheets PASSED                        [ 58%]
test-1      | tests/test_grades.py::test_failing_grade_creates_backlog PASSED          [ 62%]
test-1      | tests/test_students.py::test_register_student_success PASSED             [ 65%]
test-1      | tests/test_students.py::test_register_duplicate_student_fails PASSED     [ 68%]
test-1      | tests/test_students.py::test_get_all_students PASSED                     [ 72%]
test-1      | tests/test_students.py::test_get_student_by_roll_number PASSED           [ 75%]
test-1      | tests/test_students.py::test_get_nonexistent_student PASSED              [ 79%]
test-1      | tests/test_students.py::test_update_student_info PASSED                  [ 82%]
test-1      | tests/test_students.py::test_register_course_success PASSED              [ 86%]
test-1      | tests/test_students.py::test_register_course_duplicate_prevented PASSED  [ 89%]
test-1      | tests/test_students.py::test_register_course_prerequisite_check PASSED   [ 93%]
test-1      | tests/test_students.py::test_get_student_transcript PASSED               [ 96%]
test-1      | tests/test_students.py::test_get_student_backlogs PASSED                 [100%]
test-1      | 
test-1      | ======================= 29 passed, 135 warnings in 0.32s =======================
[Ktest-1 exited with code 0
tunnel-1    | 2025-11-28T21:24:25Z INF +--------------------------------------------------------------------------------------------+
tunnel-1    | 2025-11-28T21:24:25Z INF |  Your quick Tunnel has been created! Visit it at (it may take some time to be reachable):  |
tunnel-1    | 2025-11-28T21:24:25Z INF |  https://scholars-speaker-regional-cancel.trycloudflare.com                                |
tunnel-1    | 2025-11-28T21:24:25Z INF +--------------------------------------------------------------------------------------------+
tunnel-1    | 2025-11-28T21:24:25Z INF Cannot determine default configuration path. No file [config.yml config.yaml] in [~/.cloudflared ~/.cloudflare-warp ~/cloudflare-warp /etc/cloudflared /usr/local/etc/cloudflared]
tunnel-1    | 2025-11-28T21:24:25Z INF Version 2025.11.1 (Checksum c826e542f19ed82809bf7e62612899d4f80f7ef6d2bdcd4c1f18f39e93311618)
tunnel-1    | 2025-11-28T21:24:25Z INF GOOS: linux, GOVersion: go1.24.9, GoArch: arm64
tunnel-1    | 2025-11-28T21:24:25Z INF Settings: map[ha-connections:1 no-autoupdate:true protocol:quic url:http://frontend:80]
tunnel-1    | 2025-11-28T21:24:25Z INF Generated Connector ID: 26e64e53-e470-4d21-b335-fdb9b0f95e25
tunnel-1    | 2025-11-28T21:24:25Z INF Initial protocol quic
tunnel-1    | 2025-11-28T21:24:25Z INF ICMP proxy will use 172.18.0.6 as source for IPv4
tunnel-1    | 2025-11-28T21:24:25Z INF ICMP proxy will use ::1 in zone lo as source for IPv6
tunnel-1    | 2025-11-28T21:24:25Z ERR Cannot determine default origin certificate path. No file cert.pem in [~/.cloudflared ~/.cloudflare-warp ~/cloudflare-warp /etc/cloudflared /usr/local/etc/cloudflared]. You need to specify the origin certificate path by specifying the origincert option in the configuration file, or set TUNNEL_ORIGIN_CERT environment variable originCertPath=
tunnel-1    | 2025-11-28T21:24:25Z INF ICMP proxy will use 172.18.0.6 as source for IPv4
tunnel-1    | 2025-11-28T21:24:25Z INF ICMP proxy will use ::1 in zone lo as source for IPv6
tunnel-1    | 2025-11-28T21:24:25Z INF Starting metrics server on [::]:20241/metrics
tunnel-1    | 2025-11-28T21:24:25Z INF Tunnel connection curve preferences: [X25519MLKEM768 CurveP256] connIndex=0 event=0 ip=198.41.192.77
tunnel-1    | 2025/11/28 21:24:25 failed to sufficiently increase receive buffer size (was: 208 kiB, wanted: 7168 kiB, got: 416 kiB). See https://github.com/quic-go/quic-go/wiki/UDP-Buffer-Sizes for details.
backend-1   | Running SEED SCRIPT...
backend-1   | ✅ Database seeding complete!
backend-1   | 
backend-1   | 📊 Summary:
backend-1   |    - 4 semesters created
backend-1   |    - 29 courses created
backend-1   |    - 12 students registered
backend-1   | 
backend-1   | 🎓 Sample Students (test these!):
backend-1   |    • 2024001 - Fresh student, no grades yet
backend-1   |    • 2024002 - Fresh student, getting A's and B's
backend-1   |    • 2024003 - Struggling student (C's and D's)
backend-1   |    • 2023001 - 2nd year, excellent student (A's)
backend-1   |    • 2023002 - 2nd year, average student (B's and C's)
backend-1   |    • 2022001 - 3rd year, HAS BACKLOG in PHYS101 (retaking)
backend-1   |    • 2022002 - 3rd year, outstanding student (all A's)
backend-1   |    • 2021001 - 4th year senior, almost graduated
backend-1   | 
backend-1   | 📚 Course IDs available:
backend-1   |    1st Year: CS101, CS102, MATH101-102, PHYS101-102, ENG101, CHEM101
backend-1   |    2nd Year: CS201-205 (Data Structures, Algorithms, etc.)
backend-1   |    3rd Year: CS301-308 (Software Eng, ML, AI, etc.)
backend-1   |    4th Year: CS401-405 (Deep Learning, Blockchain, etc.)
backend-1   | 
backend-1   | 📅 Semesters: FALL2023, SPRING2024, FALL2024, SPRING2025
backend-1   | 
backend-1   | 💡 Quick tests:
backend-1   |    - View transcript for 2022001 to see the BACKLOG
backend-1   |    - Compare CGPAs: 2022002 (highest) vs 2024003 (lowest)
backend-1   |    - Register 2024001 for a course (they have none yet)
backend-1   | INFO:     Will watch for changes in these directories: ['/app']
backend-1   | INFO:     Uvicorn running on http://0.0.0.0:8000 (Press CTRL+C to quit)
backend-1   | INFO:     Started reloader process [9] using WatchFiles
tunnel-1    | 2025-11-28T21:24:26Z INF Registered tunnel connection connIndex=0 connection=be3b039d-654e-4573-9af5-6073e828b47e event=0 ip=198.41.192.77 location=bom06 protocol=quic
backend-1   | INFO:     Started server process [11]
backend-1   | INFO:     Waiting for application startup.
backend-1   | INFO:     Application startup complete.
